#
# A fatal error has been detected by the Java Runtime Environment:
#
#  SIGSEGV (0xb) at pc=0x00000001290fb3fd, pid=29711, tid=2571
#
# JRE version: Java(TM) SE Runtime Environment (8.0_25-b17) (build 1.8.0_25-b17)
# Java VM: Java HotSpot(TM) 64-Bit Server VM (25.25-b02 mixed mode bsd-amd64 compressed oops)
# Problematic frame:
# C  [libglass.dylib+0x163fd]  GlassScreenDidChangeScreenParameters+0x9d
#
# Failed to write core dump. Core dumps have been disabled. To enable core dumping, try "ulimit -c unlimited" before starting Java again
#
# If you would like to submit a bug report, please visit:
#   http://bugreport.sun.com/bugreport/crash.jsp
#

---------------  T H R E A D  ---------------

Current thread is native thread

siginfo: si_signo: 11 (SIGSEGV), si_code: 1 (SEGV_MAPERR), si_addr: 0x0000000000000000

Registers:
RAX=0x000000012912de40, RBX=0x0000000000000000, RCX=0x0000000000000103, RDX=0x00007fae6a5b2c08
RSP=0x00007fff563f0ac0, RBP=0x00007fff563f0ad0, RSI=0x00007fae6a708828, RDI=0x0000000000000000
R8 =0x0000000000000040, R9 =0x00007fff722db1e0, R10=0xffffffffffffffff, R11=0x0000000000000246
R12=0x00007fae6a4306c0, R13=0x00007fae6a64e4b0, R14=0x00007fae6a64e570, R15=0x0000000000000000
RIP=0x00000001290fb3fd, EFLAGS=0x0000000000010202, ERR=0x0000000000000004
  TRAPNO=0x000000000000000e

Top of Stack: (sp=0x00007fff563f0ac0)
0x00007fff563f0ac0:   00007fff563f0b18 00007fae6a64e570
0x00007fff563f0ad0:   00007fff563f0ae0 00007fff89d25c9c
0x00007fff563f0ae0:   00007fff563f0b00 00007fff89d25c2f
0x00007fff563f0af0:   0000000000000000 0000000000000000
0x00007fff563f0b00:   00007fff563f0b70 00007fff89d25ba7
0x00007fff563f0b10:   00007fff72b08110 00007fff761140a0
0x00007fff563f0b20:   0000000042000000 00007fff89d25bf0
0x00007fff563f0b30:   00007fff72f956f0 00007fae6a64e4b0
0x00007fff563f0b40:   00007fae6a4306c0 00007fff563f1318
0x00007fff563f0b50:   00007fff730c26d0 00007fff563f1318
0x00007fff563f0b60:   00007fae6a64e4b0 00007fff8a0e4a02
0x00007fff563f0b70:   00007fff563f0bb0 00007fff89d25912
0x00007fff563f0b80:   00007fff563f1190 0000000000000000
0x00007fff563f0b90:   00007fff730c26d0 00007fff563f1318
0x00007fff563f0ba0:   00007fff831a1d40 00007fff8a0e4a02
0x00007fff563f0bb0:   00007fff563f12c0 00007fff89ce26d2
0x00007fff563f0bc0:   00007fff563f0c10 00007fff86159378
0x00007fff563f0bd0:   00007fae737121f0 00007fae6a409aa0
0x00007fff563f0be0:   00007fae6b803048 00007fae6a42cb60
0x00007fff563f0bf0:   0000000000000000 00007fae6a64e5d0
0x00007fff563f0c00:   0000000000000000 0000000000000000
0x00007fff563f0c10:   00007fff72fd2b50 00007fff563f1190
0x00007fff563f0c20:   0000000000000001 0000000000000100
0x00007fff563f0c30:   0000000000001200 00007fff563f1090
0x00007fff563f0c40:   0000000000000000 0000000000000100
0x00007fff563f0c50:   00007fff563f0c00 00007fff730c26d0
0x00007fff563f0c60:   0000000000000000 00007fff72f96490
0x00007fff563f0c70:   00007fff730c26d0 0000000000000000
0x00007fff563f0c80:   00007fff72f96490 00007fae6a42ab10
0x00007fff563f0c90:   00007fae73712100 0000000000000002
0x00007fff563f0ca0:   0000000000000000 00007fff831a1d40
0x00007fff563f0cb0:   00007fff563f0e70 00007fff88086100 

Instructions: (pc=0x00000001290fb3fd)
0x00000001290fb3dd:   89 df 4c 89 f1 41 ff 90 68 04 00 00 48 8d 05 58
0x00000001290fb3ed:   29 03 00 48 8b 30 48 8d 05 46 2a 03 00 48 8b 10
0x00000001290fb3fd:   48 8b 0b 30 c0 48 89 df ff 91 68 04 00 00 48 8b
0x00000001290fb40d:   03 48 89 df ff 50 78 48 85 c0 74 36 49 89 c6 48 

Register to memory mapping:

RAX=0x000000012912de40: jScreenNotifySettingsChanged+0 in /Library/Java/JavaVirtualMachines/jdk1.8.0_25.jdk/Contents/Home/jre/lib/libglass.dylib at 0x00000001290e5000
RBX=0x0000000000000000 is an unknown value
RCX=0x0000000000000103 is an unknown value
RDX=0x00007fae6a5b2c08 is an unknown value
RSP=0x00007fff563f0ac0 is an unknown value
RBP=0x00007fff563f0ad0 is an unknown value
RSI=0x00007fae6a708828 is a global jni handle
RDI=0x0000000000000000 is an unknown value
R8 =0x0000000000000040 is an unknown value
R9 =0x00007fff722db1e0: __sFX+0x1c0 in /usr/lib/system/libsystem_c.dylib at 0x00007fff84558000
R10=0xffffffffffffffff is an unknown value
R11=0x0000000000000246 is an unknown value
R12=0x00007fae6a4306c0 is an unknown value
R13=0x00007fae6a64e4b0 is an unknown value
R14=0x00007fae6a64e570 is an unknown value
R15=0x0000000000000000 is an unknown value


Stack: [0x00007fff55bf4000,0x00007fff563f4000],  sp=0x00007fff563f0ac0,  free space=8178k
Native frames: (J=compiled Java code, j=interpreted, Vv=VM code, C=native code)
C  [libglass.dylib+0x163fd]  GlassScreenDidChangeScreenParameters+0x9d
C  [CoreFoundation+0xa0c9c]  __CFNOTIFICATIONCENTER_IS_CALLING_OUT_TO_AN_OBSERVER__+0xc
C  [CoreFoundation+0xa0c2f]  ___CFXRegistrationPost_block_invoke+0x3f
C  [CoreFoundation+0xa0ba7]  _CFXRegistrationPost+0x197
C  [CoreFoundation+0xa0912]  ___CFXNotificationPost_block_invoke+0x32
C  [CoreFoundation+0x5d6d2]  -[_CFXNotificationRegistrar find:object:observer:enumerator:]+0x782
C  [CoreFoundation+0x5c925]  _CFXNotificationPost+0x2b5
C  [Foundation+0x70fa]  -[NSNotificationCenter postNotificationName:object:userInfo:]+0x42
C  [AppKit+0x41da66]  -[NSApplication _reactToScreenInvalidationImmediately:]+0x17f
C  [AppKit+0x41d8b7]  __44-[NSApplication _reactToScreenInvalidation:]_block_invoke+0x3b
C  [CoreFoundation+0xaa4dc]  __CFRUNLOOP_IS_CALLING_OUT_TO_A_BLOCK__+0xc
C  [CoreFoundation+0x89df5]  __CFRunLoopDoBlocks+0x155
C  [CoreFoundation+0x89b5b]  __CFRunLoopRun+0x92b
C  [CoreFoundation+0x88fc8]  CFRunLoopRunSpecific+0x128
C  [java+0x56cc]  CreateExecutionEnvironment+0x367
C  [java+0x165c]  JLI_Launch+0x7a0
C  [java+0x768a]  main+0x65
C  [java+0xeb4]  start+0x34


---------------  P R O C E S S  ---------------

VM state:at safepoint (normal execution)

VM Mutex/Monitor currently owned by a thread:  ([mutex/lock_event])
[0x00007fae6a703760] Threads_lock - owner thread: 0x00007fae6c832000
[0x00007fae6a703c60] Heap_lock - owner thread: 0x00007fae6c97f000

Heap:
 PSYoungGen      total 76288K, used 46325K [0x000000076ab00000, 0x0000000770000000, 0x00000007c0000000)
  eden space 65536K, 70% used [0x000000076ab00000,0x000000076d83d638,0x000000076eb00000)
  from space 10752K, 0% used [0x000000076f580000,0x000000076f580000,0x0000000770000000)
  to   space 10752K, 0% used [0x000000076eb00000,0x000000076eb00000,0x000000076f580000)
 ParOldGen       total 175104K, used 0K [0x00000006c0000000, 0x00000006cab00000, 0x000000076ab00000)
  object space 175104K, 0% used [0x00000006c0000000,0x00000006c0000000,0x00000006cab00000)
 Metaspace       used 10860K, capacity 11222K, committed 11392K, reserved 1058816K
  class space    used 1468K, capacity 1571K, committed 1664K, reserved 1048576K

Card table byte_map: [0x000000011aedc000,0x000000011b6dd000] byte_map_base: 0x00000001178dc000

Marking Bits: (ParMarkBitMap*) 0x000000010b49d390
 Begin Bits: [0x000000011bc33000, 0x000000011fc33000)
 End Bits:   [0x000000011fc33000, 0x0000000123c33000)

Polling page: 0x0000000109acd000

CodeCache: size=245760Kb used=3568Kb max_used=3579Kb free=242191Kb
 bounds [0x000000010bb1c000, 0x000000010beac000, 0x000000011ab1c000]
 total_blobs=1586 nmethods=1019 adapters=482
 compilation: enabled

Compilation events (10 events):
Event: 1089.391 Thread 0x00007fae6b814000 1017       3       jdk.internal.org.objectweb.asm.MethodWriter::<init> (268 bytes)
Event: 1089.393 Thread 0x00007fae6b814000 nmethod 1017 0x000000010be97bd0 code [0x000000010be97e00, 0x000000010be98ae8]
Event: 1089.393 Thread 0x00007fae6b814000 1014       3       jdk.internal.org.objectweb.asm.MethodVisitor::<init> (7 bytes)
Event: 1089.393 Thread 0x00007fae6b814000 nmethod 1014 0x000000010be99210 code [0x000000010be993a0, 0x000000010be996e8]
Event: 1089.393 Thread 0x00007fae6b814000 1016       3       jdk.internal.org.objectweb.asm.MethodWriter::visitEnd (1 bytes)
Event: 1089.393 Thread 0x00007fae6b814000 nmethod 1016 0x000000010be83590 code [0x000000010be836e0, 0x000000010be83830]
Event: 1089.395 Thread 0x00007fae6b814000 1018       1       java.util.concurrent.locks.AbstractQueuedSynchronizer::getState (5 bytes)
Event: 1089.395 Thread 0x00007fae6b814000 nmethod 1018 0x000000010be81990 code [0x000000010be81ae0, 0x000000010be81bf0]
Event: 1089.395 Thread 0x00007fae6b804000 1019       4       java.lang.ref.Reference::<init> (25 bytes)
Event: 1089.396 Thread 0x00007fae6b804000 nmethod 1019 0x000000010be832d0 code [0x000000010be83420, 0x000000010be834d8]

GC Heap History (0 events):
No events

Deoptimization events (7 events):
Event: 0.586 Thread 0x00007fae6a969000 Uncommon trap: reason=bimorphic action=maybe_recompile pc=0x000000010bddb4e4 method=java.util.Collections$UnmodifiableList.get(I)Ljava/lang/Object; @ 5
Event: 0.586 Thread 0x00007fae6a969000 Uncommon trap: reason=class_check action=maybe_recompile pc=0x000000010bc4669c method=java.lang.String.equals(Ljava/lang/Object;)Z @ 8
Event: 0.586 Thread 0x00007fae6a969000 Uncommon trap: reason=class_check action=maybe_recompile pc=0x000000010bc4669c method=java.lang.String.equals(Ljava/lang/Object;)Z @ 8
Event: 0.586 Thread 0x00007fae6a969000 Uncommon trap: reason=class_check action=maybe_recompile pc=0x000000010bc4669c method=java.lang.String.equals(Ljava/lang/Object;)Z @ 8
Event: 0.587 Thread 0x00007fae6a969000 Uncommon trap: reason=bimorphic action=maybe_recompile pc=0x000000010bddb4e4 method=java.util.Collections$UnmodifiableList.get(I)Ljava/lang/Object; @ 5
Event: 0.587 Thread 0x00007fae6a969000 Uncommon trap: reason=bimorphic action=maybe_recompile pc=0x000000010bddb4e4 method=java.util.Collections$UnmodifiableList.get(I)Ljava/lang/Object; @ 5
Event: 0.587 Thread 0x00007fae6a969000 Uncommon trap: reason=bimorphic action=maybe_recompile pc=0x000000010bddb4e4 method=java.util.Collections$UnmodifiableList.get(I)Ljava/lang/Object; @ 5

Internal exceptions (10 events):
Event: 0.362 Thread 0x00007fae6a969000 Exception <a 'java/security/PrivilegedActionException'> (0x000000076b9bc240) thrown at [/HUDSON3/workspace/8-2-build-macosx-x86_64/jdk8u25/1514/hotspot/src/share/vm/prims/jvm.cpp, line 1312]
Event: 0.387 Thread 0x00007fae6a969000 Exception <a 'java/lang/NullPointerException'> (0x000000076bb16680) thrown at [/HUDSON3/workspace/8-2-build-macosx-x86_64/jdk8u25/1514/hotspot/src/share/vm/interpreter/linkResolver.cpp, line 1178]
Event: 0.387 Thread 0x00007fae6a969000 Exception <a 'java/lang/NullPointerException'> (0x000000076bb16680) thrown at [/HUDSON3/workspace/8-2-build-macosx-x86_64/jdk8u25/1514/hotspot/src/share/vm/prims/jvm.cpp, line 1316]
Event: 0.479 Thread 0x00007fae6a969000 Exception <a 'java/security/PrivilegedActionException'> (0x000000076bf7fa48) thrown at [/HUDSON3/workspace/8-2-build-macosx-x86_64/jdk8u25/1514/hotspot/src/share/vm/prims/jvm.cpp, line 1312]
Event: 0.480 Thread 0x00007fae6a969000 Exception <a 'java/security/PrivilegedActionException'> (0x000000076bf828f0) thrown at [/HUDSON3/workspace/8-2-build-macosx-x86_64/jdk8u25/1514/hotspot/src/share/vm/prims/jvm.cpp, line 1312]
Event: 0.481 Thread 0x00007fae6a969000 Exception <a 'java/security/PrivilegedActionException'> (0x000000076bf858a8) thrown at [/HUDSON3/workspace/8-2-build-macosx-x86_64/jdk8u25/1514/hotspot/src/share/vm/prims/jvm.cpp, line 1312]
Event: 0.481 Thread 0x00007fae6a969000 Exception <a 'java/security/PrivilegedActionException'> (0x000000076bf88608) thrown at [/HUDSON3/workspace/8-2-build-macosx-x86_64/jdk8u25/1514/hotspot/src/share/vm/prims/jvm.cpp, line 1312]
Event: 0.534 Thread 0x00007fae6a969000 Exception <a 'java/security/PrivilegedActionException'> (0x000000076c16faf0) thrown at [/HUDSON3/workspace/8-2-build-macosx-x86_64/jdk8u25/1514/hotspot/src/share/vm/prims/jvm.cpp, line 1312]
Event: 0.537 Thread 0x00007fae6a969000 Exception <a 'java/security/PrivilegedActionException'> (0x000000076c186e90) thrown at [/HUDSON3/workspace/8-2-build-macosx-x86_64/jdk8u25/1514/hotspot/src/share/vm/prims/jvm.cpp, line 1312]
Event: 0.538 Thread 0x00007fae6a969000 Exception <a 'java/security/PrivilegedActionException'> (0x000000076c1a90c8) thrown at [/HUDSON3/workspace/8-2-build-macosx-x86_64/jdk8u25/1514/hotspot/src/share/vm/prims/jvm.cpp, line 1312]

Events (10 events):
Event: 1089.400 Thread 0x00007fae6a969000 Thread exited: 0x00007fae6a969000
Event: 1089.400 Thread 0x00007fae6b000000 Thread exited: 0x00007fae6b000000
Event: 1089.400 Thread 0x00007fae6c97f000 Thread added: 0x00007fae6c97f000
Event: 1089.400 loading class java/util/IdentityHashMap$KeySet
Event: 1089.400 loading class java/util/IdentityHashMap$KeySet done
Event: 1089.400 loading class java/util/IdentityHashMap$KeyIterator
Event: 1089.400 loading class java/util/IdentityHashMap$IdentityHashMapIterator
Event: 1089.400 loading class java/util/IdentityHashMap$IdentityHashMapIterator done
Event: 1089.400 loading class java/util/IdentityHashMap$KeyIterator done
Event: 1089.400 Thread 0x00007fae6c97f000 Thread exited: 0x00007fae6c97f000


Dynamic libraries:
0x0000000001bc2000 	/System/Library/Frameworks/Cocoa.framework/Versions/A/Cocoa
0x0000000001bc2000 	/System/Library/Frameworks/Security.framework/Versions/A/Security
0x0000000001bc2000 	/System/Library/Frameworks/ApplicationServices.framework/Versions/A/ApplicationServices
0x0000000001bc2000 	/usr/lib/libz.1.dylib
0x0000000001bc2000 	/usr/lib/libSystem.B.dylib
0x0000000001bc2000 	/usr/lib/libobjc.A.dylib
0x0000000001bc2000 	/System/Library/Frameworks/CoreFoundation.framework/Versions/A/CoreFoundation
0x0000000001bc2000 	/System/Library/Frameworks/Foundation.framework/Versions/C/Foundation
0x0000000001bc2000 	/System/Library/Frameworks/AppKit.framework/Versions/C/AppKit
0x0000000001bc2000 	/System/Library/Frameworks/CoreData.framework/Versions/A/CoreData
0x0000000001bc2000 	/System/Library/PrivateFrameworks/RemoteViewServices.framework/Versions/A/RemoteViewServices
0x0000000001bc2000 	/System/Library/PrivateFrameworks/UIFoundation.framework/Versions/A/UIFoundation
0x0000000001bc2000 	/usr/lib/libScreenReader.dylib
0x0000000001bc2000 	/System/Library/Frameworks/Accelerate.framework/Versions/A/Accelerate
0x0000000001bc2000 	/System/Library/Frameworks/IOSurface.framework/Versions/A/IOSurface
0x0000000001bc2000 	/System/Library/Frameworks/AudioToolbox.framework/Versions/A/AudioToolbox
0x0000000001bc2000 	/System/Library/Frameworks/AudioUnit.framework/Versions/A/AudioUnit
0x0000000001bc2000 	/System/Library/PrivateFrameworks/DataDetectorsCore.framework/Versions/A/DataDetectorsCore
0x0000000001bc2000 	/System/Library/PrivateFrameworks/DesktopServicesPriv.framework/Versions/A/DesktopServicesPriv
0x0000000001bc2000 	/System/Library/Frameworks/Carbon.framework/Versions/A/Frameworks/HIToolbox.framework/Versions/A/HIToolbox
0x0000000001bc2000 	/System/Library/Frameworks/QuartzCore.framework/Versions/A/QuartzCore
0x0000000001bc2000 	/System/Library/Frameworks/Carbon.framework/Versions/A/Frameworks/SpeechRecognition.framework/Versions/A/SpeechRecognition
0x0000000001bc2000 	/usr/lib/libauto.dylib
0x0000000001bc2000 	/usr/lib/libicucore.A.dylib
0x0000000001bc2000 	/usr/lib/libxml2.2.dylib
0x0000000001bc2000 	/System/Library/PrivateFrameworks/CoreUI.framework/Versions/A/CoreUI
0x0000000001bc2000 	/System/Library/Frameworks/CoreAudio.framework/Versions/A/CoreAudio
0x0000000001bc2000 	/System/Library/Frameworks/DiskArbitration.framework/Versions/A/DiskArbitration
0x0000000001bc2000 	/usr/lib/liblangid.dylib
0x0000000001bc2000 	/System/Library/PrivateFrameworks/MultitouchSupport.framework/Versions/A/MultitouchSupport
0x0000000001bc2000 	/System/Library/Frameworks/IOKit.framework/Versions/A/IOKit
0x0000000001bc2000 	/usr/lib/libDiagnosticMessagesClient.dylib
0x0000000001bc2000 	/System/Library/Frameworks/CoreServices.framework/Versions/A/CoreServices
0x0000000001bc2000 	/System/Library/PrivateFrameworks/PerformanceAnalysis.framework/Versions/A/PerformanceAnalysis
0x0000000001bc2000 	/System/Library/PrivateFrameworks/GenerationalStorage.framework/Versions/A/GenerationalStorage
0x0000000001bc2000 	/System/Library/Frameworks/OpenGL.framework/Versions/A/OpenGL
0x0000000001bc2000 	/System/Library/PrivateFrameworks/Sharing.framework/Versions/A/Sharing
0x0000000001bc2000 	/System/Library/Frameworks/CoreGraphics.framework/Versions/A/CoreGraphics
0x0000000001bc2000 	/System/Library/Frameworks/CoreImage.framework/Versions/A/CoreImage
0x0000000001bc2000 	/System/Library/Frameworks/CoreText.framework/Versions/A/CoreText
0x0000000001bc2000 	/System/Library/Frameworks/ImageIO.framework/Versions/A/ImageIO
0x0000000001bc2000 	/System/Library/PrivateFrameworks/Backup.framework/Versions/A/Backup
0x0000000001bc2000 	/usr/lib/libextension.dylib
0x0000000001bc2000 	/usr/lib/libarchive.2.dylib
0x0000000001bc2000 	/System/Library/Frameworks/CFNetwork.framework/Versions/A/CFNetwork
0x0000000001bc2000 	/System/Library/Frameworks/SystemConfiguration.framework/Versions/A/SystemConfiguration
0x0000000001bc2000 	/usr/lib/libCRFSuite.dylib
0x0000000001bc2000 	/usr/lib/libc++.1.dylib
0x0000000001bc2000 	/usr/lib/libc++abi.dylib
0x0000000001bc2000 	/usr/lib/system/libcache.dylib
0x0000000001bc2000 	/usr/lib/system/libcommonCrypto.dylib
0x0000000001bc2000 	/usr/lib/system/libcompiler_rt.dylib
0x0000000001bc2000 	/usr/lib/system/libcopyfile.dylib
0x0000000001bc2000 	/usr/lib/system/libcorecrypto.dylib
0x0000000001bc2000 	/usr/lib/system/libdispatch.dylib
0x0000000001bc2000 	/usr/lib/system/libdyld.dylib
0x0000000001bc2000 	/usr/lib/system/libkeymgr.dylib
0x0000000001bc2000 	/usr/lib/system/liblaunch.dylib
0x0000000001bc2000 	/usr/lib/system/libmacho.dylib
0x0000000001bc2000 	/usr/lib/system/libquarantine.dylib
0x0000000001bc2000 	/usr/lib/system/libremovefile.dylib
0x0000000001bc2000 	/usr/lib/system/libsystem_asl.dylib
0x0000000001bc2000 	/usr/lib/system/libsystem_blocks.dylib
0x0000000001bc2000 	/usr/lib/system/libsystem_c.dylib
0x0000000001bc2000 	/usr/lib/system/libsystem_configuration.dylib
0x0000000001bc2000 	/usr/lib/system/libsystem_coreservices.dylib
0x0000000001bc2000 	/usr/lib/system/libsystem_coretls.dylib
0x0000000001bc2000 	/usr/lib/system/libsystem_dnssd.dylib
0x0000000001bc2000 	/usr/lib/system/libsystem_info.dylib
0x0000000001bc2000 	/usr/lib/system/libsystem_kernel.dylib
0x0000000001bc2000 	/usr/lib/system/libsystem_m.dylib
0x0000000001bc2000 	/usr/lib/system/libsystem_malloc.dylib
0x0000000001bc2000 	/usr/lib/system/libsystem_network.dylib
0x0000000001bc2000 	/usr/lib/system/libsystem_networkextension.dylib
0x0000000001bc2000 	/usr/lib/system/libsystem_notify.dylib
0x0000000001bc2000 	/usr/lib/system/libsystem_platform.dylib
0x0000000001bc2000 	/usr/lib/system/libsystem_pthread.dylib
0x0000000001bc2000 	/usr/lib/system/libsystem_sandbox.dylib
0x0000000001bc2000 	/usr/lib/system/libsystem_secinit.dylib
0x0000000001bc2000 	/usr/lib/system/libsystem_trace.dylib
0x0000000001bc2000 	/usr/lib/system/libunc.dylib
0x0000000001bc2000 	/usr/lib/system/libunwind.dylib
0x0000000001bc2000 	/usr/lib/system/libxpc.dylib
0x0000000001bc2000 	/usr/lib/libenergytrace.dylib
0x0000000001bc2000 	/usr/lib/libbsm.0.dylib
0x0000000001bc2000 	/usr/lib/system/libkxld.dylib
0x0000000001bc2000 	/usr/lib/libxar.1.dylib
0x0000000001bc2000 	/usr/lib/libsqlite3.dylib
0x0000000001bc2000 	/usr/lib/libpam.2.dylib
0x0000000001bc2000 	/usr/lib/libOpenScriptingUtil.dylib
0x0000000001bc2000 	/usr/lib/libbz2.1.0.dylib
0x0000000001bc2000 	/usr/lib/liblzma.5.dylib
0x0000000001bc2000 	/System/Library/Frameworks/CoreServices.framework/Versions/A/Frameworks/FSEvents.framework/Versions/A/FSEvents
0x0000000001bc2000 	/System/Library/Frameworks/CoreServices.framework/Versions/A/Frameworks/CarbonCore.framework/Versions/A/CarbonCore
0x0000000001bc2000 	/System/Library/Frameworks/CoreServices.framework/Versions/A/Frameworks/Metadata.framework/Versions/A/Metadata
0x0000000001bc2000 	/System/Library/Frameworks/CoreServices.framework/Versions/A/Frameworks/OSServices.framework/Versions/A/OSServices
0x0000000001bc2000 	/System/Library/Frameworks/CoreServices.framework/Versions/A/Frameworks/SearchKit.framework/Versions/A/SearchKit
0x0000000001bc2000 	/System/Library/Frameworks/CoreServices.framework/Versions/A/Frameworks/AE.framework/Versions/A/AE
0x0000000001bc2000 	/System/Library/Frameworks/CoreServices.framework/Versions/A/Frameworks/LaunchServices.framework/Versions/A/LaunchServices
0x0000000001bc2000 	/System/Library/Frameworks/CoreServices.framework/Versions/A/Frameworks/DictionaryServices.framework/Versions/A/DictionaryServices
0x0000000001bc2000 	/System/Library/Frameworks/CoreServices.framework/Versions/A/Frameworks/SharedFileList.framework/Versions/A/SharedFileList
0x0000000001bc2000 	/System/Library/Frameworks/NetFS.framework/Versions/A/NetFS
0x0000000001bc2000 	/System/Library/PrivateFrameworks/NetAuth.framework/Versions/A/NetAuth
0x0000000001bc2000 	/System/Library/PrivateFrameworks/login.framework/Versions/A/Frameworks/loginsupport.framework/Versions/A/loginsupport
0x0000000001bc2000 	/System/Library/PrivateFrameworks/TCC.framework/Versions/A/TCC
0x0000000001bc2000 	/usr/lib/libmecabra.dylib
0x0000000001bc2000 	/System/Library/Frameworks/ApplicationServices.framework/Versions/A/Frameworks/ATS.framework/Versions/A/ATS
0x0000000001bc2000 	/System/Library/Frameworks/ApplicationServices.framework/Versions/A/Frameworks/ColorSync.framework/Versions/A/ColorSync
0x0000000001bc2000 	/System/Library/Frameworks/ApplicationServices.framework/Versions/A/Frameworks/HIServices.framework/Versions/A/HIServices
0x0000000001bc2000 	/System/Library/Frameworks/ApplicationServices.framework/Versions/A/Frameworks/LangAnalysis.framework/Versions/A/LangAnalysis
0x0000000001bc2000 	/System/Library/Frameworks/ApplicationServices.framework/Versions/A/Frameworks/PrintCore.framework/Versions/A/PrintCore
0x0000000001bc2000 	/System/Library/Frameworks/ApplicationServices.framework/Versions/A/Frameworks/QD.framework/Versions/A/QD
0x0000000001bc2000 	/System/Library/Frameworks/ApplicationServices.framework/Versions/A/Frameworks/SpeechSynthesis.framework/Versions/A/SpeechSynthesis
0x0000000001bc2000 	/System/Library/Frameworks/Metal.framework/Versions/A/Metal
0x0000000001bc2000 	/System/Library/Frameworks/Accelerate.framework/Versions/A/Frameworks/vImage.framework/Versions/A/vImage
0x0000000001bc2000 	/System/Library/Frameworks/Accelerate.framework/Versions/A/Frameworks/vecLib.framework/Versions/A/vecLib
0x0000000001bc2000 	/System/Library/Frameworks/Accelerate.framework/Versions/A/Frameworks/vecLib.framework/Versions/A/libvDSP.dylib
0x0000000001bc2000 	/System/Library/Frameworks/Accelerate.framework/Versions/A/Frameworks/vecLib.framework/Versions/A/libvMisc.dylib
0x0000000001bc2000 	/System/Library/Frameworks/Accelerate.framework/Versions/A/Frameworks/vecLib.framework/Versions/A/libLAPACK.dylib
0x0000000001bc2000 	/System/Library/Frameworks/Accelerate.framework/Versions/A/Frameworks/vecLib.framework/Versions/A/libBLAS.dylib
0x0000000001bc2000 	/System/Library/Frameworks/Accelerate.framework/Versions/A/Frameworks/vecLib.framework/Versions/A/libLinearAlgebra.dylib
0x0000000001bc2000 	/System/Library/Frameworks/Accelerate.framework/Versions/A/Frameworks/vecLib.framework/Versions/A/libSparseBLAS.dylib
0x0000000001bc2000 	/System/Library/PrivateFrameworks/GPUCompiler.framework/libmetal_timestamp.dylib
0x0000000001bc2000 	/System/Library/Frameworks/OpenGL.framework/Versions/A/Libraries/libCoreFSCache.dylib
0x0000000001bc2000 	/System/Library/PrivateFrameworks/IOAccelerator.framework/Versions/A/IOAccelerator
0x0000000001bc2000 	/System/Library/Frameworks/ApplicationServices.framework/Versions/A/Frameworks/ATS.framework/Versions/A/Resources/libFontParser.dylib
0x0000000001bc2000 	/System/Library/Frameworks/ApplicationServices.framework/Versions/A/Frameworks/ATS.framework/Versions/A/Resources/libFontRegistry.dylib
0x0000000001bc2000 	/System/Library/PrivateFrameworks/AppleVPA.framework/Versions/A/AppleVPA
0x0000000001bc2000 	/System/Library/PrivateFrameworks/AppleJPEG.framework/Versions/A/AppleJPEG
0x0000000001bc2000 	/System/Library/Frameworks/ImageIO.framework/Versions/A/Resources/libJPEG.dylib
0x0000000001bc2000 	/System/Library/Frameworks/ImageIO.framework/Versions/A/Resources/libTIFF.dylib
0x0000000001bc2000 	/System/Library/Frameworks/ImageIO.framework/Versions/A/Resources/libPng.dylib
0x0000000001bc2000 	/System/Library/Frameworks/ImageIO.framework/Versions/A/Resources/libGIF.dylib
0x0000000001bc2000 	/System/Library/Frameworks/ImageIO.framework/Versions/A/Resources/libJP2.dylib
0x0000000001bc2000 	/System/Library/Frameworks/ImageIO.framework/Versions/A/Resources/libRadiance.dylib
0x0000000001bc2000 	/System/Library/Frameworks/CoreVideo.framework/Versions/A/CoreVideo
0x0000000001bc2000 	/System/Library/Frameworks/OpenGL.framework/Versions/A/Libraries/libGLU.dylib
0x0000000001bc2000 	/System/Library/Frameworks/OpenGL.framework/Versions/A/Libraries/libGFXShared.dylib
0x0000000001bc2000 	/System/Library/Frameworks/OpenGL.framework/Versions/A/Libraries/libGL.dylib
0x0000000001bc2000 	/System/Library/Frameworks/OpenGL.framework/Versions/A/Libraries/libGLImage.dylib
0x0000000001bc2000 	/System/Library/Frameworks/OpenGL.framework/Versions/A/Libraries/libCVMSPluginSupport.dylib
0x0000000001bc2000 	/System/Library/Frameworks/OpenGL.framework/Versions/A/Libraries/libCoreVMClient.dylib
0x0000000001bc2000 	/usr/lib/libcups.2.dylib
0x0000000001bc2000 	/System/Library/Frameworks/Kerberos.framework/Versions/A/Kerberos
0x0000000001bc2000 	/System/Library/Frameworks/GSS.framework/Versions/A/GSS
0x0000000001bc2000 	/usr/lib/libresolv.9.dylib
0x0000000001bc2000 	/usr/lib/libiconv.2.dylib
0x0000000001bc2000 	/System/Library/PrivateFrameworks/Heimdal.framework/Versions/A/Heimdal
0x0000000001bc2000 	/usr/lib/libheimdal-asn1.dylib
0x0000000001bc2000 	/System/Library/Frameworks/OpenDirectory.framework/Versions/A/OpenDirectory
0x0000000001bc2000 	/System/Library/PrivateFrameworks/CommonAuth.framework/Versions/A/CommonAuth
0x0000000001bc2000 	/System/Library/Frameworks/OpenDirectory.framework/Versions/A/Frameworks/CFOpenDirectory.framework/Versions/A/CFOpenDirectory
0x0000000001bc2000 	/System/Library/Frameworks/SecurityFoundation.framework/Versions/A/SecurityFoundation
0x0000000001bc2000 	/System/Library/PrivateFrameworks/LanguageModeling.framework/Versions/A/LanguageModeling
0x0000000001bc2000 	/usr/lib/libmarisa.dylib
0x0000000001bc2000 	/usr/lib/libChineseTokenizer.dylib
0x0000000001bc2000 	/usr/lib/libcmph.dylib
0x0000000001bc2000 	/usr/lib/libcompression.dylib
0x0000000001bc2000 	/System/Library/Frameworks/ServiceManagement.framework/Versions/A/ServiceManagement
0x0000000001bc2000 	/usr/lib/libxslt.1.dylib
0x0000000001bc2000 	/System/Library/Frameworks/Carbon.framework/Versions/A/Frameworks/Ink.framework/Versions/A/Ink
0x0000000001bc2000 	/usr/lib/libFosl_dynamic.dylib
0x0000000001bc2000 	/System/Library/PrivateFrameworks/FaceCore.framework/Versions/A/FaceCore
0x0000000001bc2000 	/System/Library/Frameworks/OpenCL.framework/Versions/A/OpenCL
0x0000000001bc2000 	/System/Library/PrivateFrameworks/CrashReporterSupport.framework/Versions/A/CrashReporterSupport
0x0000000001bc2000 	/System/Library/PrivateFrameworks/IconServices.framework/Versions/A/IconServices
0x0000000001bc2000 	/System/Library/PrivateFrameworks/Apple80211.framework/Versions/A/Apple80211
0x0000000001bc2000 	/System/Library/Frameworks/CoreWLAN.framework/Versions/A/CoreWLAN
0x0000000001bc2000 	/System/Library/Frameworks/IOBluetooth.framework/Versions/A/IOBluetooth
0x0000000001bc2000 	/System/Library/PrivateFrameworks/CoreWiFi.framework/Versions/A/CoreWiFi
0x0000000001bc2000 	/System/Library/Frameworks/CoreBluetooth.framework/Versions/A/CoreBluetooth
0x0000000001bc2000 	/System/Library/PrivateFrameworks/ChunkingLibrary.framework/Versions/A/ChunkingLibrary
0x0000000001bc2000 	/System/Library/PrivateFrameworks/DebugSymbols.framework/Versions/A/DebugSymbols
0x0000000001bc2000 	/System/Library/PrivateFrameworks/CoreSymbolication.framework/Versions/A/CoreSymbolication
0x0000000001bc2000 	/System/Library/PrivateFrameworks/Symbolication.framework/Versions/A/Symbolication
0x0000000001bc2000 	/System/Library/PrivateFrameworks/SpeechRecognitionCore.framework/Versions/A/SpeechRecognitionCore
0x000000010ac00000 	/Library/Java/JavaVirtualMachines/jdk1.8.0_25.jdk/Contents/Home/jre/lib/server/libjvm.dylib
0x0000000001bc2000 	/usr/lib/libstdc++.6.dylib
0x0000000109a8b000 	/Library/Java/JavaVirtualMachines/jdk1.8.0_25.jdk/Contents/Home/jre/lib/libverify.dylib
0x0000000109a99000 	/Library/Java/JavaVirtualMachines/jdk1.8.0_25.jdk/Contents/Home/jre/lib/libjava.dylib
0x0000000109ad7000 	/Library/Java/JavaVirtualMachines/jdk1.8.0_25.jdk/Contents/Home/jre/lib/libzip.dylib
0x0000000126abb000 	/System/Library/Frameworks/JavaVM.framework/Frameworks/JavaRuntimeSupport.framework/JavaRuntimeSupport
0x0000000126ad6000 	/System/Library/Frameworks/JavaVM.framework/Versions/A/Frameworks/JavaNativeFoundation.framework/Versions/A/JavaNativeFoundation
0x0000000126aeb000 	/System/Library/Frameworks/JavaVM.framework/Versions/A/JavaVM
0x0000000001bc2000 	/System/Library/Frameworks/Carbon.framework/Versions/A/Carbon
0x0000000109bf4000 	/System/Library/PrivateFrameworks/JavaLaunching.framework/Versions/A/JavaLaunching
0x0000000001bc2000 	/System/Library/Frameworks/Carbon.framework/Versions/A/Frameworks/CommonPanels.framework/Versions/A/CommonPanels
0x0000000001bc2000 	/System/Library/Frameworks/Carbon.framework/Versions/A/Frameworks/Help.framework/Versions/A/Help
0x0000000001bc2000 	/System/Library/Frameworks/Carbon.framework/Versions/A/Frameworks/ImageCapture.framework/Versions/A/ImageCapture
0x0000000001bc2000 	/System/Library/Frameworks/Carbon.framework/Versions/A/Frameworks/OpenScripting.framework/Versions/A/OpenScripting
0x0000000001bc2000 	/System/Library/Frameworks/Carbon.framework/Versions/A/Frameworks/Print.framework/Versions/A/Print
0x0000000001bc2000 	/System/Library/Frameworks/Carbon.framework/Versions/A/Frameworks/SecurityHI.framework/Versions/A/SecurityHI
0x00000001284d5000 	/Library/Java/JavaVirtualMachines/jdk1.8.0_25.jdk/Contents/Home/jre/lib/libprism_es2.dylib
0x0000000001bc2000 	/System/Library/Frameworks/OpenGL.framework/Versions/A/Resources/GLEngine.bundle/GLEngine
0x0000000001bc2000 	/System/Library/Frameworks/OpenGL.framework/Versions/A/Libraries/libGLProgrammability.dylib
0x0000000128556000 	/System/Library/Extensions/AppleIntelHD5000GraphicsGLDriver.bundle/Contents/MacOS/AppleIntelHD5000GraphicsGLDriver
0x0000000001bc2000 	/System/Library/PrivateFrameworks/GPUSupport.framework/Versions/A/Libraries/libGPUSupportMercury.dylib
0x0000000001bc2000 	/System/Library/Frameworks/OpenGL.framework/Versions/A/Resources/GLRendererFloat.bundle/GLRendererFloat
0x0000000001bc2000 	/System/Library/Frameworks/OpenCL.framework/Versions/A/Libraries/libcldcpuengine.dylib
0x0000000001bc2000 	/System/Library/PrivateFrameworks/DiskImages.framework/Versions/A/DiskImages
0x0000000001bc2000 	/System/Library/Frameworks/DiscRecording.framework/Versions/A/DiscRecording
0x0000000001bc2000 	/usr/lib/libcsfde.dylib
0x0000000001bc2000 	/usr/lib/libcurl.4.dylib
0x0000000001bc2000 	/System/Library/PrivateFrameworks/MediaKit.framework/Versions/A/MediaKit
0x0000000001bc2000 	/System/Library/PrivateFrameworks/ProtectedCloudStorage.framework/Versions/A/ProtectedCloudStorage
0x0000000001bc2000 	/usr/lib/libCoreStorage.dylib
0x0000000001bc2000 	/System/Library/PrivateFrameworks/EFILogin.framework/Versions/A/EFILogin
0x0000000001bc2000 	/usr/lib/libutil.dylib
0x0000000001bc2000 	/System/Library/PrivateFrameworks/FindMyDevice.framework/Versions/A/FindMyDevice
0x0000000001bc2000 	/System/Library/Frameworks/LDAP.framework/Versions/A/LDAP
0x0000000001bc2000 	/usr/lib/libsasl2.2.dylib
0x0000000001bc2000 	/System/Library/PrivateFrameworks/CoreDaemon.framework/Versions/B/CoreDaemon
0x0000000001bc2000 	/usr/lib/libcrypto.0.9.8.dylib
0x0000000001bc2000 	/System/Library/PrivateFrameworks/AppleSRP.framework/Versions/A/AppleSRP
0x0000000001bc2000 	/System/Library/PrivateFrameworks/TrustEvaluationAgent.framework/Versions/A/TrustEvaluationAgent
0x00000001290e5000 	/Library/Java/JavaVirtualMachines/jdk1.8.0_25.jdk/Contents/Home/jre/lib/libglass.dylib
0x0000000001bc2000 	/System/Library/PrivateFrameworks/CoreServicesInternal.framework/Versions/A/CoreServicesInternal
0x0000000001bc2000 	/System/Library/CoreServices/RawCamera.bundle/Contents/MacOS/RawCamera
0x0000000001bc2000 	/System/Library/Frameworks/CoreGraphics.framework/Versions/A/Resources/libRIP.A.dylib
0x0000000001bc2000 	/System/Library/Frameworks/Accelerate.framework/Versions/A/Frameworks/vImage.framework/Versions/A/Libraries/libCGInterfaces.dylib
0x0000000001bc2000 	/System/Library/PrivateFrameworks/FamilyControls.framework/Versions/A/FamilyControls
0x0000000001bc2000 	/System/Library/PrivateFrameworks/CommerceKit.framework/Versions/A/Frameworks/CommerceCore.framework/Versions/A/CommerceCore
0x0000000001bc2000 	/System/Library/PrivateFrameworks/SystemAdministration.framework/Versions/A/SystemAdministration
0x0000000001bc2000 	/System/Library/PrivateFrameworks/AppContainer.framework/Versions/A/AppContainer
0x0000000001bc2000 	/System/Library/PrivateFrameworks/SecCodeWrapper.framework/Versions/A/SecCodeWrapper
0x0000000001bc2000 	/System/Library/Frameworks/DirectoryService.framework/Versions/A/DirectoryService
0x0000000001bc2000 	/System/Library/PrivateFrameworks/LoginUIKit.framework/Versions/A/Frameworks/LoginUICore.framework/Versions/A/LoginUICore
0x0000000001bc2000 	/usr/lib/libodfde.dylib
0x000000012c44e000 	/Library/Java/JavaVirtualMachines/jdk1.8.0_25.jdk/Contents/Home/jre/lib/libjavafx_font.dylib
0x0000000001bc2000 	/System/Library/Frameworks/CoreGraphics.framework/Versions/A/Resources/libCGXType.A.dylib
0x000000012e739000 	cl_kernels
0x0000000001bc2000 	/System/Library/Frameworks/OpenCL.framework/Versions/A/Libraries/ImageFormats/unorm8_bgra.dylib
0x0000000001bc2000 	/System/Library/Frameworks/OpenCL.framework/Versions/A/Libraries/ImageFormats/unorm8_rgba.dylib
0x00000001307e8000 	/System/Library/Extensions/AppleIntelHD5000GraphicsMTLDriver.bundle/Contents/MacOS/AppleIntelHD5000GraphicsMTLDriver

VM Arguments:
jvm_args: -Dfile.encoding=UTF-8 -Duser.country=US -Duser.language=en -Duser.variant 
java_command: com.gluonapplication.GluonApplication
java_class_path (initial): /Users/Basel/Documents/workspace/PacManJavaFx/build/classes/desktop:/Users/Basel/Documents/workspace/PacManJavaFx/build/resources/desktop:/Users/Basel/Documents/workspace/PacManJavaFx/build/classes/main:/Users/Basel/Documents/workspace/PacManJavaFx/build/resources/main
Launcher Type: SUN_STANDARD

Environment Variables:
PATH=/usr/bin:/bin:/usr/sbin:/sbin
SHELL=/bin/bash
DISPLAY=/private/tmp/com.apple.launchd.AzQIAS1s8K/org.macosforge.xquartz:0

Signal Handlers:
SIGSEGV: [libjvm.dylib+0x579dc7], sa_mask[0]=11111111011111110111111111111111, sa_flags=SA_ONSTACK|SA_RESTART|SA_SIGINFO
SIGBUS: [libjvm.dylib+0x579dc7], sa_mask[0]=11111111011111110111111111111111, sa_flags=SA_RESTART|SA_SIGINFO
SIGFPE: [libjvm.dylib+0x45b030], sa_mask[0]=11111111011111110111111111111111, sa_flags=SA_RESTART|SA_SIGINFO
SIGPIPE: [libjvm.dylib+0x45b030], sa_mask[0]=11111111011111110111111111111111, sa_flags=SA_RESTART|SA_SIGINFO
SIGXFSZ: [libjvm.dylib+0x45b030], sa_mask[0]=11111111011111110111111111111111, sa_flags=SA_RESTART|SA_SIGINFO
SIGILL: [libjvm.dylib+0x45b030], sa_mask[0]=11111111011111110111111111111111, sa_flags=SA_RESTART|SA_SIGINFO
SIGUSR1: SIG_DFL, sa_mask[0]=00000000000000000000000000000000, sa_flags=none
SIGUSR2: [libjvm.dylib+0x45ab4e], sa_mask[0]=00100000000000000000000000000000, sa_flags=SA_RESTART|SA_SIGINFO
SIGHUP: [libjvm.dylib+0x459121], sa_mask[0]=11111111011111110111111111111111, sa_flags=SA_RESTART|SA_SIGINFO
SIGINT: [libjvm.dylib+0x459121], sa_mask[0]=11111111011111110111111111111111, sa_flags=SA_RESTART|SA_SIGINFO
SIGTERM: [libjvm.dylib+0x459121], sa_mask[0]=11111111011111110111111111111111, sa_flags=SA_RESTART|SA_SIGINFO
SIGQUIT: [libjvm.dylib+0x459121], sa_mask[0]=11111111011111110111111111111111, sa_flags=SA_RESTART|SA_SIGINFO


---------------  S Y S T E M  ---------------

OS:Bsduname:Darwin 15.0.0 Darwin Kernel Version 15.0.0: Sat Sep 19 15:53:46 PDT 2015; root:xnu-3247.10.11~1/RELEASE_X86_64 x86_64
rlimit: STACK 8192k, CORE 0k, NPROC 709, NOFILE 10240, AS infinity
load average:6.94 4.62 3.61

CPU:total 8 (4 cores per cpu, 2 threads per core) family 6 model 70 stepping 1, cmov, cx8, fxsr, mmx, sse, sse2, sse3, ssse3, sse4.1, sse4.2, popcnt, avx, avx2, aes, clmul, erms, lzcnt, ht, tsc, tscinvbit, bmi1, bmi2

Memory: 4k page, physical 16777216k(3907000k free)

/proc/meminfo:


vm_info: Java HotSpot(TM) 64-Bit Server VM (25.25-b02) for bsd-amd64 JRE (1.8.0_25-b17), built on Sep 17 2014 16:56:50 by "java_re" with gcc 4.2.1 (Based on Apple Inc. build 5658) (LLVM build 2336.11.00)

time: Sun Nov 29 15:53:52 2015
elapsed time: 1089 seconds (0d 0h 18m 9s)

