#
# A fatal error has been detected by the Java Runtime Environment:
#
#  SIGSEGV (0xb) at pc=0x00000001275b23fd, pid=30544, tid=2571
#
# JRE version: Java(TM) SE Runtime Environment (8.0_25-b17) (build 1.8.0_25-b17)
# Java VM: Java HotSpot(TM) 64-Bit Server VM (25.25-b02 mixed mode bsd-amd64 compressed oops)
# Problematic frame:
# C  [libglass.dylib+0x163fd]  GlassScreenDidChangeScreenParameters+0x9d
#
# Failed to write core dump. Core dumps have been disabled. To enable core dumping, try "ulimit -c unlimited" before starting Java again
#
# If you would like to submit a bug report, please visit:
#   http://bugreport.sun.com/bugreport/crash.jsp
#

---------------  T H R E A D  ---------------

Current thread is native thread

siginfo: si_signo: 11 (SIGSEGV), si_code: 1 (SEGV_MAPERR), si_addr: 0x0000000000000000

Registers:
RAX=0x00000001275e4e40, RBX=0x0000000000000000, RCX=0x0000000000000103, RDX=0x00007ff90e8d64a0
RSP=0x00007fff57f39ac0, RBP=0x00007fff57f39ad0, RSI=0x00007ff908d0b348, RDI=0x0000000000000000
R8 =0x0000000000000040, R9 =0x00007fff722db1e0, R10=0xffffffffffffffff, R11=0x0000000000000246
R12=0x00007ff908f5c380, R13=0x00007ff908e60c10, R14=0x00007ff908e60cd0, R15=0x0000000000000000
RIP=0x00000001275b23fd, EFLAGS=0x0000000000010206, ERR=0x0000000000000004
  TRAPNO=0x000000000000000e

Top of Stack: (sp=0x00007fff57f39ac0)
0x00007fff57f39ac0:   00007fff57f39b18 00007ff908e60cd0
0x00007fff57f39ad0:   00007fff57f39ae0 00007fff89d25c9c
0x00007fff57f39ae0:   00007fff57f39b00 00007fff89d25c2f
0x00007fff57f39af0:   0000000000000000 0000000000000000
0x00007fff57f39b00:   00007fff57f39b70 00007fff89d25ba7
0x00007fff57f39b10:   00007fff72b08110 00007fff761140a0
0x00007fff57f39b20:   0000000042000000 00007fff89d25bf0
0x00007fff57f39b30:   00007fff72f956f0 00007ff908e60c10
0x00007fff57f39b40:   00007ff908f5c380 00007fff57f3a318
0x00007fff57f39b50:   00007fff730c26d0 00007fff57f3a318
0x00007fff57f39b60:   00007ff908e60c10 00007fff8a0e4a02
0x00007fff57f39b70:   00007fff57f39bb0 00007fff89d25912
0x00007fff57f39b80:   00007fff57f3a190 0000000000000000
0x00007fff57f39b90:   00007fff730c26d0 00007fff57f3a318
0x00007fff57f39ba0:   00007fff831a1d40 00007fff8a0e4a02
0x00007fff57f39bb0:   00007fff57f3a2c0 00007fff89ce26d2
0x00007fff57f39bc0:   00007ff908cd5400 0000000000000002
0x00007fff57f39bd0:   0000000000000000 00007ff908f0e810
0x00007fff57f39be0:   00007ff909009048 00007ff908d3dfb0
0x00007fff57f39bf0:   0000000000000000 00007ff908e60d30
0x00007fff57f39c00:   0000000000000000 0000000000000000
0x00007fff57f39c10:   00007fff72fd2b50 00007fff57f3a190
0x00007fff57f39c20:   0000000000000001 0000000000000100
0x00007fff57f39c30:   0000000000001600 00007fff57f3a090
0x00007fff57f39c40:   0000000000000000 0000000000000100
0x00007fff57f39c50:   409d800000000000 00007fff730c26d0
0x00007fff57f39c60:   0000000000000000 00007fff72f96490
0x00007fff57f39c70:   00007fff730c26d0 0000000000000000
0x00007fff57f39c80:   00007fff72f96490 00007ff908f6d470
0x00007fff57f39c90:   00007ff908cd5400 0000000000000002
0x00007fff57f39ca0:   0000000000000000 00007fff831a1d40
0x00007fff57f39cb0:   00007fff57f39e70 00007fff88086100 

Instructions: (pc=0x00000001275b23fd)
0x00000001275b23dd:   89 df 4c 89 f1 41 ff 90 68 04 00 00 48 8d 05 58
0x00000001275b23ed:   29 03 00 48 8b 30 48 8d 05 46 2a 03 00 48 8b 10
0x00000001275b23fd:   48 8b 0b 30 c0 48 89 df ff 91 68 04 00 00 48 8b
0x00000001275b240d:   03 48 89 df ff 50 78 48 85 c0 74 36 49 89 c6 48 

Register to memory mapping:

RAX=0x00000001275e4e40: jScreenNotifySettingsChanged+0 in /Library/Java/JavaVirtualMachines/jdk1.8.0_25.jdk/Contents/Home/jre/lib/libglass.dylib at 0x000000012759c000
RBX=0x0000000000000000 is an unknown value
RCX=0x0000000000000103 is an unknown value
RDX=0x00007ff90e8d64a0 is an unknown value
RSP=0x00007fff57f39ac0 is an unknown value
RBP=0x00007fff57f39ad0 is an unknown value
RSI=0x00007ff908d0b348 is a global jni handle
RDI=0x0000000000000000 is an unknown value
R8 =0x0000000000000040 is an unknown value
R9 =0x00007fff722db1e0: __sFX+0x1c0 in /usr/lib/system/libsystem_c.dylib at 0x00007fff84558000
R10=0xffffffffffffffff is an unknown value
R11=0x0000000000000246 is an unknown value
R12=0x00007ff908f5c380 is an unknown value
R13=0x00007ff908e60c10 is an unknown value
R14=0x00007ff908e60cd0 is an unknown value
R15=0x0000000000000000 is an unknown value


Stack: [0x00007fff5773d000,0x00007fff57f3d000],  sp=0x00007fff57f39ac0,  free space=8178k
Native frames: (J=compiled Java code, j=interpreted, Vv=VM code, C=native code)
C  [libglass.dylib+0x163fd]  GlassScreenDidChangeScreenParameters+0x9d
C  [CoreFoundation+0xa0c9c]  __CFNOTIFICATIONCENTER_IS_CALLING_OUT_TO_AN_OBSERVER__+0xc
C  [CoreFoundation+0xa0c2f]  ___CFXRegistrationPost_block_invoke+0x3f
C  [CoreFoundation+0xa0ba7]  _CFXRegistrationPost+0x197
C  [CoreFoundation+0xa0912]  ___CFXNotificationPost_block_invoke+0x32
C  [CoreFoundation+0x5d6d2]  -[_CFXNotificationRegistrar find:object:observer:enumerator:]+0x782
C  [CoreFoundation+0x5c925]  _CFXNotificationPost+0x2b5
C  [Foundation+0x70fa]  -[NSNotificationCenter postNotificationName:object:userInfo:]+0x42
C  [AppKit+0x41da66]  -[NSApplication _reactToScreenInvalidationImmediately:]+0x17f
C  [AppKit+0x41d8b7]  __44-[NSApplication _reactToScreenInvalidation:]_block_invoke+0x3b
C  [CoreFoundation+0xaa4dc]  __CFRUNLOOP_IS_CALLING_OUT_TO_A_BLOCK__+0xc
C  [CoreFoundation+0x89df5]  __CFRunLoopDoBlocks+0x155
C  [CoreFoundation+0x89b5b]  __CFRunLoopRun+0x92b
C  [CoreFoundation+0x88fc8]  CFRunLoopRunSpecific+0x128
C  [java+0x56cc]  CreateExecutionEnvironment+0x367
C  [java+0x165c]  JLI_Launch+0x7a0
C  [java+0x768a]  main+0x65
C  [java+0xeb4]  start+0x34


---------------  P R O C E S S  ---------------

VM state:at safepoint (normal execution)

VM Mutex/Monitor currently owned by a thread:  ([mutex/lock_event])
[0x00007ff908d02bb0] Threads_lock - owner thread: 0x00007ff909848000
[0x00007ff908d030b0] Heap_lock - owner thread: 0x00007ff90d804800

Heap:
 PSYoungGen      total 76288K, used 51424K [0x000000076ab00000, 0x0000000770000000, 0x00000007c0000000)
  eden space 65536K, 73% used [0x000000076ab00000,0x000000076d9e6b08,0x000000076eb00000)
  from space 10752K, 31% used [0x000000076f580000,0x000000076f8d1550,0x0000000770000000)
  to   space 10752K, 0% used [0x000000076eb00000,0x000000076eb00000,0x000000076f580000)
 ParOldGen       total 175104K, used 24K [0x00000006c0000000, 0x00000006cab00000, 0x000000076ab00000)
  object space 175104K, 0% used [0x00000006c0000000,0x00000006c0006000,0x00000006cab00000)
 Metaspace       used 12802K, capacity 13306K, committed 13568K, reserved 1060864K
  class space    used 1641K, capacity 1757K, committed 1792K, reserved 1048576K

Card table byte_map: [0x00000001192dc000,0x0000000119add000] byte_map_base: 0x0000000115cdc000

Marking Bits: (ParMarkBitMap*) 0x000000010989d390
 Begin Bits: [0x000000011a033000, 0x000000011e033000)
 End Bits:   [0x000000011e033000, 0x0000000122033000)

Polling page: 0x0000000107f84000

CodeCache: size=245760Kb used=7591Kb max_used=7941Kb free=238168Kb
 bounds [0x0000000109f1c000, 0x000000010a6ec000, 0x0000000118f1c000]
 total_blobs=3015 nmethods=2416 adapters=513
 compilation: enabled

Compilation events (10 events):
Event: 84.885 Thread 0x00007ff90a019800 2535       4       javafx.animation.AnimationAccessorImpl::playTo (8 bytes)
Event: 84.886 Thread 0x00007ff90a019800 nmethod 2535 0x000000010a08b390 code [0x000000010a08b4e0, 0x000000010a08b5a8]
Event: 85.070 Thread 0x00007ff90984b800 2536       1       com.sun.javafx.font.CompositeStrike::getSize (5 bytes)
Event: 85.070 Thread 0x00007ff90984b800 nmethod 2536 0x000000010a046050 code [0x000000010a0461a0, 0x000000010a0462b0]
Event: 85.115 Thread 0x00007ff90984b800 2538       3       java.lang.invoke.MethodHandles::access$000 (4 bytes)
Event: 85.116 Thread 0x00007ff90984b800 nmethod 2538 0x000000010a09b310 code [0x000000010a09b460, 0x000000010a09b590]
Event: 85.122 Thread 0x00007ff90984b800 2539       3       java.util.Collections$UnmodifiableCollection::iterator (9 bytes)
Event: 85.122 Thread 0x00007ff90984b800 nmethod 2539 0x000000010a03ba10 code [0x000000010a03bba0, 0x000000010a03bf08]
Event: 85.123 Thread 0x00007ff90984b800 2540       3       java.util.Collections$UnmodifiableCollection$1::<init> (26 bytes)
Event: 85.123 Thread 0x00007ff90984b800 nmethod 2540 0x000000010a0aa2d0 code [0x000000010a0aa440, 0x000000010a0aa708]

GC Heap History (4 events):
Event: 18.821 GC heap before
{Heap before GC invocations=1 (full 0):
 PSYoungGen      total 76288K, used 65536K [0x000000076ab00000, 0x0000000770000000, 0x00000007c0000000)
  eden space 65536K, 100% used [0x000000076ab00000,0x000000076eb00000,0x000000076eb00000)
  from space 10752K, 0% used [0x000000076f580000,0x000000076f580000,0x0000000770000000)
  to   space 10752K, 0% used [0x000000076eb00000,0x000000076eb00000,0x000000076f580000)
 ParOldGen       total 175104K, used 0K [0x00000006c0000000, 0x00000006cab00000, 0x000000076ab00000)
  object space 175104K, 0% used [0x00000006c0000000,0x00000006c0000000,0x00000006cab00000)
 Metaspace       used 12428K, capacity 12846K, committed 13056K, reserved 1060864K
  class space    used 1618K, capacity 1737K, committed 1792K, reserved 1048576K
Event: 18.828 GC heap after
Heap after GC invocations=1 (full 0):
 PSYoungGen      total 76288K, used 3637K [0x000000076ab00000, 0x0000000770000000, 0x00000007c0000000)
  eden space 65536K, 0% used [0x000000076ab00000,0x000000076ab00000,0x000000076eb00000)
  from space 10752K, 33% used [0x000000076eb00000,0x000000076ee8d540,0x000000076f580000)
  to   space 10752K, 0% used [0x000000076f580000,0x000000076f580000,0x0000000770000000)
 ParOldGen       total 175104K, used 16K [0x00000006c0000000, 0x00000006cab00000, 0x000000076ab00000)
  object space 175104K, 0% used [0x00000006c0000000,0x00000006c0004000,0x00000006cab00000)
 Metaspace       used 12428K, capacity 12846K, committed 13056K, reserved 1060864K
  class space    used 1618K, capacity 1737K, committed 1792K, reserved 1048576K
}
Event: 57.321 GC heap before
{Heap before GC invocations=2 (full 0):
 PSYoungGen      total 76288K, used 69173K [0x000000076ab00000, 0x0000000770000000, 0x00000007c0000000)
  eden space 65536K, 100% used [0x000000076ab00000,0x000000076eb00000,0x000000076eb00000)
  from space 10752K, 33% used [0x000000076eb00000,0x000000076ee8d540,0x000000076f580000)
  to   space 10752K, 0% used [0x000000076f580000,0x000000076f580000,0x0000000770000000)
 ParOldGen       total 175104K, used 16K [0x00000006c0000000, 0x00000006cab00000, 0x000000076ab00000)
  object space 175104K, 0% used [0x00000006c0000000,0x00000006c0004000,0x00000006cab00000)
 Metaspace       used 12720K, capacity 13148K, committed 13312K, reserved 1060864K
  class space    used 1634K, capacity 1750K, committed 1792K, reserved 1048576K
Event: 57.327 GC heap after
Heap after GC invocations=2 (full 0):
 PSYoungGen      total 76288K, used 3397K [0x000000076ab00000, 0x0000000770000000, 0x00000007c0000000)
  eden space 65536K, 0% used [0x000000076ab00000,0x000000076ab00000,0x000000076eb00000)
  from space 10752K, 31% used [0x000000076f580000,0x000000076f8d1550,0x0000000770000000)
  to   space 10752K, 0% used [0x000000076eb00000,0x000000076eb00000,0x000000076f580000)
 ParOldGen       total 175104K, used 24K [0x00000006c0000000, 0x00000006cab00000, 0x000000076ab00000)
  object space 175104K, 0% used [0x00000006c0000000,0x00000006c0006000,0x00000006cab00000)
 Metaspace       used 12720K, capacity 13148K, committed 13312K, reserved 1060864K
  class space    used 1634K, capacity 1750K, committed 1792K, reserved 1048576K
}

Deoptimization events (10 events):
Event: 0.779 Thread 0x00007ff90a18c000 Uncommon trap: reason=unloaded action=reinterpret pc=0x000000010a152618 method=java.lang.CharacterData.of(I)Ljava/lang/CharacterData; @ 96
Event: 1.579 Thread 0x00007ff90a18c000 Uncommon trap: reason=predicate action=maybe_recompile pc=0x000000010a2fbc60 method=java.util.ArrayList.remove(Ljava/lang/Object;)Z @ 49
Event: 18.831 Thread 0x00007ff90a805800 Uncommon trap: reason=unreached action=reinterpret pc=0x000000010a3cb43c method=java.lang.ref.ReferenceQueue.poll()Ljava/lang/ref/Reference; @ 4
Event: 83.308 Thread 0x00007ff90a18c000 Uncommon trap: reason=unreached action=reinterpret pc=0x000000010a443824 method=javafx.collections.ListChangeBuilder.commit()V @ 4
Event: 83.308 Thread 0x00007ff90a18c000 Uncommon trap: reason=class_check action=maybe_recompile pc=0x000000010a478e8c method=java.util.AbstractList.add(Ljava/lang/Object;)Z @ 2
Event: 83.308 Thread 0x00007ff90a18c000 Uncommon trap: reason=class_check action=maybe_recompile pc=0x000000010a478e8c method=java.util.AbstractList.add(Ljava/lang/Object;)Z @ 2
Event: 83.308 Thread 0x00007ff90a18c000 Uncommon trap: reason=class_check action=maybe_recompile pc=0x000000010a6b71f8 method=javafx.collections.ListChangeBuilder.nextRemove(ILjava/util/List;)V @ 8
Event: 83.309 Thread 0x00007ff90a18c000 Uncommon trap: reason=class_check action=maybe_recompile pc=0x000000010a478e8c method=java.util.AbstractList.add(Ljava/lang/Object;)Z @ 2
Event: 83.309 Thread 0x00007ff90a18c000 Uncommon trap: reason=class_check action=maybe_recompile pc=0x000000010a478e8c method=java.util.AbstractList.add(Ljava/lang/Object;)Z @ 2
Event: 83.309 Thread 0x00007ff90a18c000 Uncommon trap: reason=unreached action=reinterpret pc=0x000000010a47f38c method=javafx.collections.ListChangeBuilder.nextAdd(II)V @ 54

Internal exceptions (10 events):
Event: 0.534 Thread 0x00007ff90a18c000 Exception <a 'java/security/PrivilegedActionException'> (0x000000076c171ca0) thrown at [/HUDSON3/workspace/8-2-build-macosx-x86_64/jdk8u25/1514/hotspot/src/share/vm/prims/jvm.cpp, line 1312]
Event: 0.536 Thread 0x00007ff90a18c000 Exception <a 'java/security/PrivilegedActionException'> (0x000000076c189040) thrown at [/HUDSON3/workspace/8-2-build-macosx-x86_64/jdk8u25/1514/hotspot/src/share/vm/prims/jvm.cpp, line 1312]
Event: 0.537 Thread 0x00007ff90a18c000 Exception <a 'java/security/PrivilegedActionException'> (0x000000076c1ab278) thrown at [/HUDSON3/workspace/8-2-build-macosx-x86_64/jdk8u25/1514/hotspot/src/share/vm/prims/jvm.cpp, line 1312]
Event: 0.612 Thread 0x00007ff90a18c000 Exception <a 'java/security/PrivilegedActionException'> (0x000000076c2edcd0) thrown at [/HUDSON3/workspace/8-2-build-macosx-x86_64/jdk8u25/1514/hotspot/src/share/vm/prims/jvm.cpp, line 1312]
Event: 0.620 Thread 0x00007ff90a18c000 Exception <a 'java/security/PrivilegedActionException'> (0x000000076c339068) thrown at [/HUDSON3/workspace/8-2-build-macosx-x86_64/jdk8u25/1514/hotspot/src/share/vm/prims/jvm.cpp, line 1312]
Event: 0.621 Thread 0x00007ff90a18c000 Exception <a 'java/security/PrivilegedActionException'> (0x000000076c33c5f0) thrown at [/HUDSON3/workspace/8-2-build-macosx-x86_64/jdk8u25/1514/hotspot/src/share/vm/prims/jvm.cpp, line 1312]
Event: 0.621 Thread 0x00007ff90a18c000 Exception <a 'java/security/PrivilegedActionException'> (0x000000076c33fe68) thrown at [/HUDSON3/workspace/8-2-build-macosx-x86_64/jdk8u25/1514/hotspot/src/share/vm/prims/jvm.cpp, line 1312]
Event: 0.622 Thread 0x00007ff90a18c000 Implicit null exception at 0x000000010a1b93ed to 0x000000010a1b9431
Event: 0.808 Thread 0x00007ff90a18c000 Exception <a 'java/security/PrivilegedActionException'> (0x000000076c548888) thrown at [/HUDSON3/workspace/8-2-build-macosx-x86_64/jdk8u25/1514/hotspot/src/share/vm/prims/jvm.cpp, line 1312]
Event: 83.308 Thread 0x00007ff90a18c000 Implicit null exception at 0x000000010a4423d8 to 0x000000010a443811

Events (10 events):
Event: 85.123 Thread 0x00007ff90984b800 flushing nmethod 0x000000010a210a50
Event: 85.123 Thread 0x00007ff90984b800 flushing nmethod 0x000000010a213d10
Event: 85.123 Thread 0x00007ff90984b800 flushing nmethod 0x000000010a218390
Event: 85.123 Thread 0x00007ff90984b800 flushing nmethod 0x000000010a21a350
Event: 85.123 Thread 0x00007ff90984b800 flushing nmethod 0x000000010a21aad0
Event: 85.123 Thread 0x00007ff90984b800 flushing nmethod 0x000000010a21afd0
Event: 85.123 Thread 0x00007ff90984b800 flushing nmethod 0x000000010a21e750
Event: 85.123 Thread 0x00007ff90984b800 flushing nmethod 0x000000010a220750
Event: 85.123 Thread 0x00007ff90984b800 flushing nmethod 0x000000010a222190
Event: 85.123 Thread 0x00007ff90d804800 Thread exited: 0x00007ff90d804800


Dynamic libraries:
0x0000000001bc2000 	/System/Library/Frameworks/Cocoa.framework/Versions/A/Cocoa
0x0000000001bc2000 	/System/Library/Frameworks/Security.framework/Versions/A/Security
0x0000000001bc2000 	/System/Library/Frameworks/ApplicationServices.framework/Versions/A/ApplicationServices
0x0000000001bc2000 	/usr/lib/libz.1.dylib
0x0000000001bc2000 	/usr/lib/libSystem.B.dylib
0x0000000001bc2000 	/usr/lib/libobjc.A.dylib
0x0000000001bc2000 	/System/Library/Frameworks/CoreFoundation.framework/Versions/A/CoreFoundation
0x0000000001bc2000 	/System/Library/Frameworks/Foundation.framework/Versions/C/Foundation
0x0000000001bc2000 	/System/Library/Frameworks/AppKit.framework/Versions/C/AppKit
0x0000000001bc2000 	/System/Library/Frameworks/CoreData.framework/Versions/A/CoreData
0x0000000001bc2000 	/System/Library/PrivateFrameworks/RemoteViewServices.framework/Versions/A/RemoteViewServices
0x0000000001bc2000 	/System/Library/PrivateFrameworks/UIFoundation.framework/Versions/A/UIFoundation
0x0000000001bc2000 	/usr/lib/libScreenReader.dylib
0x0000000001bc2000 	/System/Library/Frameworks/Accelerate.framework/Versions/A/Accelerate
0x0000000001bc2000 	/System/Library/Frameworks/IOSurface.framework/Versions/A/IOSurface
0x0000000001bc2000 	/System/Library/Frameworks/AudioToolbox.framework/Versions/A/AudioToolbox
0x0000000001bc2000 	/System/Library/Frameworks/AudioUnit.framework/Versions/A/AudioUnit
0x0000000001bc2000 	/System/Library/PrivateFrameworks/DataDetectorsCore.framework/Versions/A/DataDetectorsCore
0x0000000001bc2000 	/System/Library/PrivateFrameworks/DesktopServicesPriv.framework/Versions/A/DesktopServicesPriv
0x0000000001bc2000 	/System/Library/Frameworks/Carbon.framework/Versions/A/Frameworks/HIToolbox.framework/Versions/A/HIToolbox
0x0000000001bc2000 	/System/Library/Frameworks/QuartzCore.framework/Versions/A/QuartzCore
0x0000000001bc2000 	/System/Library/Frameworks/Carbon.framework/Versions/A/Frameworks/SpeechRecognition.framework/Versions/A/SpeechRecognition
0x0000000001bc2000 	/usr/lib/libauto.dylib
0x0000000001bc2000 	/usr/lib/libicucore.A.dylib
0x0000000001bc2000 	/usr/lib/libxml2.2.dylib
0x0000000001bc2000 	/System/Library/PrivateFrameworks/CoreUI.framework/Versions/A/CoreUI
0x0000000001bc2000 	/System/Library/Frameworks/CoreAudio.framework/Versions/A/CoreAudio
0x0000000001bc2000 	/System/Library/Frameworks/DiskArbitration.framework/Versions/A/DiskArbitration
0x0000000001bc2000 	/usr/lib/liblangid.dylib
0x0000000001bc2000 	/System/Library/PrivateFrameworks/MultitouchSupport.framework/Versions/A/MultitouchSupport
0x0000000001bc2000 	/System/Library/Frameworks/IOKit.framework/Versions/A/IOKit
0x0000000001bc2000 	/usr/lib/libDiagnosticMessagesClient.dylib
0x0000000001bc2000 	/System/Library/Frameworks/CoreServices.framework/Versions/A/CoreServices
0x0000000001bc2000 	/System/Library/PrivateFrameworks/PerformanceAnalysis.framework/Versions/A/PerformanceAnalysis
0x0000000001bc2000 	/System/Library/PrivateFrameworks/GenerationalStorage.framework/Versions/A/GenerationalStorage
0x0000000001bc2000 	/System/Library/Frameworks/OpenGL.framework/Versions/A/OpenGL
0x0000000001bc2000 	/System/Library/PrivateFrameworks/Sharing.framework/Versions/A/Sharing
0x0000000001bc2000 	/System/Library/Frameworks/CoreGraphics.framework/Versions/A/CoreGraphics
0x0000000001bc2000 	/System/Library/Frameworks/CoreImage.framework/Versions/A/CoreImage
0x0000000001bc2000 	/System/Library/Frameworks/CoreText.framework/Versions/A/CoreText
0x0000000001bc2000 	/System/Library/Frameworks/ImageIO.framework/Versions/A/ImageIO
0x0000000001bc2000 	/System/Library/PrivateFrameworks/Backup.framework/Versions/A/Backup
0x0000000001bc2000 	/usr/lib/libextension.dylib
0x0000000001bc2000 	/usr/lib/libarchive.2.dylib
0x0000000001bc2000 	/System/Library/Frameworks/CFNetwork.framework/Versions/A/CFNetwork
0x0000000001bc2000 	/System/Library/Frameworks/SystemConfiguration.framework/Versions/A/SystemConfiguration
0x0000000001bc2000 	/usr/lib/libCRFSuite.dylib
0x0000000001bc2000 	/usr/lib/libc++.1.dylib
0x0000000001bc2000 	/usr/lib/libc++abi.dylib
0x0000000001bc2000 	/usr/lib/system/libcache.dylib
0x0000000001bc2000 	/usr/lib/system/libcommonCrypto.dylib
0x0000000001bc2000 	/usr/lib/system/libcompiler_rt.dylib
0x0000000001bc2000 	/usr/lib/system/libcopyfile.dylib
0x0000000001bc2000 	/usr/lib/system/libcorecrypto.dylib
0x0000000001bc2000 	/usr/lib/system/libdispatch.dylib
0x0000000001bc2000 	/usr/lib/system/libdyld.dylib
0x0000000001bc2000 	/usr/lib/system/libkeymgr.dylib
0x0000000001bc2000 	/usr/lib/system/liblaunch.dylib
0x0000000001bc2000 	/usr/lib/system/libmacho.dylib
0x0000000001bc2000 	/usr/lib/system/libquarantine.dylib
0x0000000001bc2000 	/usr/lib/system/libremovefile.dylib
0x0000000001bc2000 	/usr/lib/system/libsystem_asl.dylib
0x0000000001bc2000 	/usr/lib/system/libsystem_blocks.dylib
0x0000000001bc2000 	/usr/lib/system/libsystem_c.dylib
0x0000000001bc2000 	/usr/lib/system/libsystem_configuration.dylib
0x0000000001bc2000 	/usr/lib/system/libsystem_coreservices.dylib
0x0000000001bc2000 	/usr/lib/system/libsystem_coretls.dylib
0x0000000001bc2000 	/usr/lib/system/libsystem_dnssd.dylib
0x0000000001bc2000 	/usr/lib/system/libsystem_info.dylib
0x0000000001bc2000 	/usr/lib/system/libsystem_kernel.dylib
0x0000000001bc2000 	/usr/lib/system/libsystem_m.dylib
0x0000000001bc2000 	/usr/lib/system/libsystem_malloc.dylib
0x0000000001bc2000 	/usr/lib/system/libsystem_network.dylib
0x0000000001bc2000 	/usr/lib/system/libsystem_networkextension.dylib
0x0000000001bc2000 	/usr/lib/system/libsystem_notify.dylib
0x0000000001bc2000 	/usr/lib/system/libsystem_platform.dylib
0x0000000001bc2000 	/usr/lib/system/libsystem_pthread.dylib
0x0000000001bc2000 	/usr/lib/system/libsystem_sandbox.dylib
0x0000000001bc2000 	/usr/lib/system/libsystem_secinit.dylib
0x0000000001bc2000 	/usr/lib/system/libsystem_trace.dylib
0x0000000001bc2000 	/usr/lib/system/libunc.dylib
0x0000000001bc2000 	/usr/lib/system/libunwind.dylib
0x0000000001bc2000 	/usr/lib/system/libxpc.dylib
0x0000000001bc2000 	/usr/lib/libenergytrace.dylib
0x0000000001bc2000 	/usr/lib/libbsm.0.dylib
0x0000000001bc2000 	/usr/lib/system/libkxld.dylib
0x0000000001bc2000 	/usr/lib/libxar.1.dylib
0x0000000001bc2000 	/usr/lib/libsqlite3.dylib
0x0000000001bc2000 	/usr/lib/libpam.2.dylib
0x0000000001bc2000 	/usr/lib/libOpenScriptingUtil.dylib
0x0000000001bc2000 	/usr/lib/libbz2.1.0.dylib
0x0000000001bc2000 	/usr/lib/liblzma.5.dylib
0x0000000001bc2000 	/System/Library/Frameworks/CoreServices.framework/Versions/A/Frameworks/FSEvents.framework/Versions/A/FSEvents
0x0000000001bc2000 	/System/Library/Frameworks/CoreServices.framework/Versions/A/Frameworks/CarbonCore.framework/Versions/A/CarbonCore
0x0000000001bc2000 	/System/Library/Frameworks/CoreServices.framework/Versions/A/Frameworks/Metadata.framework/Versions/A/Metadata
0x0000000001bc2000 	/System/Library/Frameworks/CoreServices.framework/Versions/A/Frameworks/OSServices.framework/Versions/A/OSServices
0x0000000001bc2000 	/System/Library/Frameworks/CoreServices.framework/Versions/A/Frameworks/SearchKit.framework/Versions/A/SearchKit
0x0000000001bc2000 	/System/Library/Frameworks/CoreServices.framework/Versions/A/Frameworks/AE.framework/Versions/A/AE
0x0000000001bc2000 	/System/Library/Frameworks/CoreServices.framework/Versions/A/Frameworks/LaunchServices.framework/Versions/A/LaunchServices
0x0000000001bc2000 	/System/Library/Frameworks/CoreServices.framework/Versions/A/Frameworks/DictionaryServices.framework/Versions/A/DictionaryServices
0x0000000001bc2000 	/System/Library/Frameworks/CoreServices.framework/Versions/A/Frameworks/SharedFileList.framework/Versions/A/SharedFileList
0x0000000001bc2000 	/System/Library/Frameworks/NetFS.framework/Versions/A/NetFS
0x0000000001bc2000 	/System/Library/PrivateFrameworks/NetAuth.framework/Versions/A/NetAuth
0x0000000001bc2000 	/System/Library/PrivateFrameworks/login.framework/Versions/A/Frameworks/loginsupport.framework/Versions/A/loginsupport
0x0000000001bc2000 	/System/Library/PrivateFrameworks/TCC.framework/Versions/A/TCC
0x0000000001bc2000 	/usr/lib/libmecabra.dylib
0x0000000001bc2000 	/System/Library/Frameworks/ApplicationServices.framework/Versions/A/Frameworks/ATS.framework/Versions/A/ATS
0x0000000001bc2000 	/System/Library/Frameworks/ApplicationServices.framework/Versions/A/Frameworks/ColorSync.framework/Versions/A/ColorSync
0x0000000001bc2000 	/System/Library/Frameworks/ApplicationServices.framework/Versions/A/Frameworks/HIServices.framework/Versions/A/HIServices
0x0000000001bc2000 	/System/Library/Frameworks/ApplicationServices.framework/Versions/A/Frameworks/LangAnalysis.framework/Versions/A/LangAnalysis
0x0000000001bc2000 	/System/Library/Frameworks/ApplicationServices.framework/Versions/A/Frameworks/PrintCore.framework/Versions/A/PrintCore
0x0000000001bc2000 	/System/Library/Frameworks/ApplicationServices.framework/Versions/A/Frameworks/QD.framework/Versions/A/QD
0x0000000001bc2000 	/System/Library/Frameworks/ApplicationServices.framework/Versions/A/Frameworks/SpeechSynthesis.framework/Versions/A/SpeechSynthesis
0x0000000001bc2000 	/System/Library/Frameworks/Metal.framework/Versions/A/Metal
0x0000000001bc2000 	/System/Library/Frameworks/Accelerate.framework/Versions/A/Frameworks/vImage.framework/Versions/A/vImage
0x0000000001bc2000 	/System/Library/Frameworks/Accelerate.framework/Versions/A/Frameworks/vecLib.framework/Versions/A/vecLib
0x0000000001bc2000 	/System/Library/Frameworks/Accelerate.framework/Versions/A/Frameworks/vecLib.framework/Versions/A/libvDSP.dylib
0x0000000001bc2000 	/System/Library/Frameworks/Accelerate.framework/Versions/A/Frameworks/vecLib.framework/Versions/A/libvMisc.dylib
0x0000000001bc2000 	/System/Library/Frameworks/Accelerate.framework/Versions/A/Frameworks/vecLib.framework/Versions/A/libLAPACK.dylib
0x0000000001bc2000 	/System/Library/Frameworks/Accelerate.framework/Versions/A/Frameworks/vecLib.framework/Versions/A/libBLAS.dylib
0x0000000001bc2000 	/System/Library/Frameworks/Accelerate.framework/Versions/A/Frameworks/vecLib.framework/Versions/A/libLinearAlgebra.dylib
0x0000000001bc2000 	/System/Library/Frameworks/Accelerate.framework/Versions/A/Frameworks/vecLib.framework/Versions/A/libSparseBLAS.dylib
0x0000000001bc2000 	/System/Library/PrivateFrameworks/GPUCompiler.framework/libmetal_timestamp.dylib
0x0000000001bc2000 	/System/Library/Frameworks/OpenGL.framework/Versions/A/Libraries/libCoreFSCache.dylib
0x0000000001bc2000 	/System/Library/PrivateFrameworks/IOAccelerator.framework/Versions/A/IOAccelerator
0x0000000001bc2000 	/System/Library/Frameworks/ApplicationServices.framework/Versions/A/Frameworks/ATS.framework/Versions/A/Resources/libFontParser.dylib
0x0000000001bc2000 	/System/Library/Frameworks/ApplicationServices.framework/Versions/A/Frameworks/ATS.framework/Versions/A/Resources/libFontRegistry.dylib
0x0000000001bc2000 	/System/Library/PrivateFrameworks/AppleVPA.framework/Versions/A/AppleVPA
0x0000000001bc2000 	/System/Library/PrivateFrameworks/AppleJPEG.framework/Versions/A/AppleJPEG
0x0000000001bc2000 	/System/Library/Frameworks/ImageIO.framework/Versions/A/Resources/libJPEG.dylib
0x0000000001bc2000 	/System/Library/Frameworks/ImageIO.framework/Versions/A/Resources/libTIFF.dylib
0x0000000001bc2000 	/System/Library/Frameworks/ImageIO.framework/Versions/A/Resources/libPng.dylib
0x0000000001bc2000 	/System/Library/Frameworks/ImageIO.framework/Versions/A/Resources/libGIF.dylib
0x0000000001bc2000 	/System/Library/Frameworks/ImageIO.framework/Versions/A/Resources/libJP2.dylib
0x0000000001bc2000 	/System/Library/Frameworks/ImageIO.framework/Versions/A/Resources/libRadiance.dylib
0x0000000001bc2000 	/System/Library/Frameworks/CoreVideo.framework/Versions/A/CoreVideo
0x0000000001bc2000 	/System/Library/Frameworks/OpenGL.framework/Versions/A/Libraries/libGLU.dylib
0x0000000001bc2000 	/System/Library/Frameworks/OpenGL.framework/Versions/A/Libraries/libGFXShared.dylib
0x0000000001bc2000 	/System/Library/Frameworks/OpenGL.framework/Versions/A/Libraries/libGL.dylib
0x0000000001bc2000 	/System/Library/Frameworks/OpenGL.framework/Versions/A/Libraries/libGLImage.dylib
0x0000000001bc2000 	/System/Library/Frameworks/OpenGL.framework/Versions/A/Libraries/libCVMSPluginSupport.dylib
0x0000000001bc2000 	/System/Library/Frameworks/OpenGL.framework/Versions/A/Libraries/libCoreVMClient.dylib
0x0000000001bc2000 	/usr/lib/libcups.2.dylib
0x0000000001bc2000 	/System/Library/Frameworks/Kerberos.framework/Versions/A/Kerberos
0x0000000001bc2000 	/System/Library/Frameworks/GSS.framework/Versions/A/GSS
0x0000000001bc2000 	/usr/lib/libresolv.9.dylib
0x0000000001bc2000 	/usr/lib/libiconv.2.dylib
0x0000000001bc2000 	/System/Library/PrivateFrameworks/Heimdal.framework/Versions/A/Heimdal
0x0000000001bc2000 	/usr/lib/libheimdal-asn1.dylib
0x0000000001bc2000 	/System/Library/Frameworks/OpenDirectory.framework/Versions/A/OpenDirectory
0x0000000001bc2000 	/System/Library/PrivateFrameworks/CommonAuth.framework/Versions/A/CommonAuth
0x0000000001bc2000 	/System/Library/Frameworks/OpenDirectory.framework/Versions/A/Frameworks/CFOpenDirectory.framework/Versions/A/CFOpenDirectory
0x0000000001bc2000 	/System/Library/Frameworks/SecurityFoundation.framework/Versions/A/SecurityFoundation
0x0000000001bc2000 	/System/Library/PrivateFrameworks/LanguageModeling.framework/Versions/A/LanguageModeling
0x0000000001bc2000 	/usr/lib/libmarisa.dylib
0x0000000001bc2000 	/usr/lib/libChineseTokenizer.dylib
0x0000000001bc2000 	/usr/lib/libcmph.dylib
0x0000000001bc2000 	/usr/lib/libcompression.dylib
0x0000000001bc2000 	/System/Library/Frameworks/ServiceManagement.framework/Versions/A/ServiceManagement
0x0000000001bc2000 	/usr/lib/libxslt.1.dylib
0x0000000001bc2000 	/System/Library/Frameworks/Carbon.framework/Versions/A/Frameworks/Ink.framework/Versions/A/Ink
0x0000000001bc2000 	/usr/lib/libFosl_dynamic.dylib
0x0000000001bc2000 	/System/Library/PrivateFrameworks/FaceCore.framework/Versions/A/FaceCore
0x0000000001bc2000 	/System/Library/Frameworks/OpenCL.framework/Versions/A/OpenCL
0x0000000001bc2000 	/System/Library/PrivateFrameworks/CrashReporterSupport.framework/Versions/A/CrashReporterSupport
0x0000000001bc2000 	/System/Library/PrivateFrameworks/IconServices.framework/Versions/A/IconServices
0x0000000001bc2000 	/System/Library/PrivateFrameworks/Apple80211.framework/Versions/A/Apple80211
0x0000000001bc2000 	/System/Library/Frameworks/CoreWLAN.framework/Versions/A/CoreWLAN
0x0000000001bc2000 	/System/Library/Frameworks/IOBluetooth.framework/Versions/A/IOBluetooth
0x0000000001bc2000 	/System/Library/PrivateFrameworks/CoreWiFi.framework/Versions/A/CoreWiFi
0x0000000001bc2000 	/System/Library/Frameworks/CoreBluetooth.framework/Versions/A/CoreBluetooth
0x0000000001bc2000 	/System/Library/PrivateFrameworks/ChunkingLibrary.framework/Versions/A/ChunkingLibrary
0x0000000001bc2000 	/System/Library/PrivateFrameworks/DebugSymbols.framework/Versions/A/DebugSymbols
0x0000000001bc2000 	/System/Library/PrivateFrameworks/CoreSymbolication.framework/Versions/A/CoreSymbolication
0x0000000001bc2000 	/System/Library/PrivateFrameworks/Symbolication.framework/Versions/A/Symbolication
0x0000000001bc2000 	/System/Library/PrivateFrameworks/SpeechRecognitionCore.framework/Versions/A/SpeechRecognitionCore
0x0000000109000000 	/Library/Java/JavaVirtualMachines/jdk1.8.0_25.jdk/Contents/Home/jre/lib/server/libjvm.dylib
0x0000000001bc2000 	/usr/lib/libstdc++.6.dylib
0x0000000107f42000 	/Library/Java/JavaVirtualMachines/jdk1.8.0_25.jdk/Contents/Home/jre/lib/libverify.dylib
0x0000000107f50000 	/Library/Java/JavaVirtualMachines/jdk1.8.0_25.jdk/Contents/Home/jre/lib/libjava.dylib
0x0000000107f8e000 	/Library/Java/JavaVirtualMachines/jdk1.8.0_25.jdk/Contents/Home/jre/lib/libzip.dylib
0x0000000124f7e000 	/System/Library/Frameworks/JavaVM.framework/Frameworks/JavaRuntimeSupport.framework/JavaRuntimeSupport
0x0000000107fe8000 	/System/Library/Frameworks/JavaVM.framework/Versions/A/Frameworks/JavaNativeFoundation.framework/Versions/A/JavaNativeFoundation
0x0000000124f99000 	/System/Library/Frameworks/JavaVM.framework/Versions/A/JavaVM
0x0000000001bc2000 	/System/Library/Frameworks/Carbon.framework/Versions/A/Carbon
0x0000000124fa6000 	/System/Library/PrivateFrameworks/JavaLaunching.framework/Versions/A/JavaLaunching
0x0000000001bc2000 	/System/Library/Frameworks/Carbon.framework/Versions/A/Frameworks/CommonPanels.framework/Versions/A/CommonPanels
0x0000000001bc2000 	/System/Library/Frameworks/Carbon.framework/Versions/A/Frameworks/Help.framework/Versions/A/Help
0x0000000001bc2000 	/System/Library/Frameworks/Carbon.framework/Versions/A/Frameworks/ImageCapture.framework/Versions/A/ImageCapture
0x0000000001bc2000 	/System/Library/Frameworks/Carbon.framework/Versions/A/Frameworks/OpenScripting.framework/Versions/A/OpenScripting
0x0000000001bc2000 	/System/Library/Frameworks/Carbon.framework/Versions/A/Frameworks/Print.framework/Versions/A/Print
0x0000000001bc2000 	/System/Library/Frameworks/Carbon.framework/Versions/A/Frameworks/SecurityHI.framework/Versions/A/SecurityHI
0x000000012698c000 	/Library/Java/JavaVirtualMachines/jdk1.8.0_25.jdk/Contents/Home/jre/lib/libprism_es2.dylib
0x0000000001bc2000 	/System/Library/Frameworks/OpenGL.framework/Versions/A/Resources/GLEngine.bundle/GLEngine
0x0000000001bc2000 	/System/Library/Frameworks/OpenGL.framework/Versions/A/Libraries/libGLProgrammability.dylib
0x0000000126a0d000 	/System/Library/Extensions/AppleIntelHD5000GraphicsGLDriver.bundle/Contents/MacOS/AppleIntelHD5000GraphicsGLDriver
0x0000000001bc2000 	/System/Library/PrivateFrameworks/GPUSupport.framework/Versions/A/Libraries/libGPUSupportMercury.dylib
0x0000000001bc2000 	/System/Library/Frameworks/OpenGL.framework/Versions/A/Resources/GLRendererFloat.bundle/GLRendererFloat
0x0000000001bc2000 	/System/Library/Frameworks/OpenCL.framework/Versions/A/Libraries/libcldcpuengine.dylib
0x0000000001bc2000 	/System/Library/PrivateFrameworks/DiskImages.framework/Versions/A/DiskImages
0x0000000001bc2000 	/System/Library/Frameworks/DiscRecording.framework/Versions/A/DiscRecording
0x0000000001bc2000 	/usr/lib/libcsfde.dylib
0x0000000001bc2000 	/usr/lib/libcurl.4.dylib
0x0000000001bc2000 	/System/Library/PrivateFrameworks/MediaKit.framework/Versions/A/MediaKit
0x0000000001bc2000 	/System/Library/PrivateFrameworks/ProtectedCloudStorage.framework/Versions/A/ProtectedCloudStorage
0x0000000001bc2000 	/usr/lib/libCoreStorage.dylib
0x0000000001bc2000 	/System/Library/PrivateFrameworks/EFILogin.framework/Versions/A/EFILogin
0x0000000001bc2000 	/usr/lib/libutil.dylib
0x0000000001bc2000 	/System/Library/PrivateFrameworks/FindMyDevice.framework/Versions/A/FindMyDevice
0x0000000001bc2000 	/System/Library/Frameworks/LDAP.framework/Versions/A/LDAP
0x0000000001bc2000 	/usr/lib/libsasl2.2.dylib
0x0000000001bc2000 	/System/Library/PrivateFrameworks/CoreDaemon.framework/Versions/B/CoreDaemon
0x0000000001bc2000 	/usr/lib/libcrypto.0.9.8.dylib
0x0000000001bc2000 	/System/Library/PrivateFrameworks/AppleSRP.framework/Versions/A/AppleSRP
0x0000000001bc2000 	/System/Library/PrivateFrameworks/TrustEvaluationAgent.framework/Versions/A/TrustEvaluationAgent
0x000000012759c000 	/Library/Java/JavaVirtualMachines/jdk1.8.0_25.jdk/Contents/Home/jre/lib/libglass.dylib
0x0000000001bc2000 	/System/Library/PrivateFrameworks/CoreServicesInternal.framework/Versions/A/CoreServicesInternal
0x0000000001bc2000 	/System/Library/CoreServices/RawCamera.bundle/Contents/MacOS/RawCamera
0x0000000001bc2000 	/System/Library/Frameworks/CoreGraphics.framework/Versions/A/Resources/libRIP.A.dylib
0x0000000001bc2000 	/System/Library/Frameworks/Accelerate.framework/Versions/A/Frameworks/vImage.framework/Versions/A/Libraries/libCGInterfaces.dylib
0x0000000001bc2000 	/System/Library/PrivateFrameworks/FamilyControls.framework/Versions/A/FamilyControls
0x0000000001bc2000 	/System/Library/PrivateFrameworks/CommerceKit.framework/Versions/A/Frameworks/CommerceCore.framework/Versions/A/CommerceCore
0x0000000001bc2000 	/System/Library/PrivateFrameworks/SystemAdministration.framework/Versions/A/SystemAdministration
0x0000000001bc2000 	/System/Library/PrivateFrameworks/AppContainer.framework/Versions/A/AppContainer
0x0000000001bc2000 	/System/Library/PrivateFrameworks/SecCodeWrapper.framework/Versions/A/SecCodeWrapper
0x0000000001bc2000 	/System/Library/Frameworks/DirectoryService.framework/Versions/A/DirectoryService
0x0000000001bc2000 	/System/Library/PrivateFrameworks/LoginUIKit.framework/Versions/A/Frameworks/LoginUICore.framework/Versions/A/LoginUICore
0x0000000001bc2000 	/usr/lib/libodfde.dylib
0x000000012a905000 	/Library/Java/JavaVirtualMachines/jdk1.8.0_25.jdk/Contents/Home/jre/lib/libjavafx_font.dylib
0x0000000001bc2000 	/System/Library/Frameworks/CoreGraphics.framework/Versions/A/Resources/libCGXType.A.dylib
0x000000012c2a3000 	cl_kernels
0x0000000001bc2000 	/System/Library/Frameworks/OpenCL.framework/Versions/A/Libraries/ImageFormats/unorm8_bgra.dylib
0x0000000001bc2000 	/System/Library/Frameworks/OpenCL.framework/Versions/A/Libraries/ImageFormats/unorm8_rgba.dylib
0x000000012d032000 	/System/Library/Extensions/AppleIntelHD5000GraphicsMTLDriver.bundle/Contents/MacOS/AppleIntelHD5000GraphicsMTLDriver

VM Arguments:
jvm_args: -Dfile.encoding=UTF-8 -Duser.country=US -Duser.language=en -Duser.variant 
java_command: com.gluonapplication.GluonApplication
java_class_path (initial): /Users/Basel/Documents/workspace/PacManJavaFx/build/classes/desktop:/Users/Basel/Documents/workspace/PacManJavaFx/build/resources/desktop:/Users/Basel/Documents/workspace/PacManJavaFx/build/classes/main:/Users/Basel/Documents/workspace/PacManJavaFx/build/resources/main
Launcher Type: SUN_STANDARD

Environment Variables:
PATH=/usr/bin:/bin:/usr/sbin:/sbin
SHELL=/bin/bash
DISPLAY=/private/tmp/com.apple.launchd.AzQIAS1s8K/org.macosforge.xquartz:0

Signal Handlers:
SIGSEGV: [libjvm.dylib+0x579dc7], sa_mask[0]=11111111011111110111111111111111, sa_flags=SA_ONSTACK|SA_RESTART|SA_SIGINFO
SIGBUS: [libjvm.dylib+0x579dc7], sa_mask[0]=11111111011111110111111111111111, sa_flags=SA_RESTART|SA_SIGINFO
SIGFPE: [libjvm.dylib+0x45b030], sa_mask[0]=11111111011111110111111111111111, sa_flags=SA_RESTART|SA_SIGINFO
SIGPIPE: [libjvm.dylib+0x45b030], sa_mask[0]=11111111011111110111111111111111, sa_flags=SA_RESTART|SA_SIGINFO
SIGXFSZ: [libjvm.dylib+0x45b030], sa_mask[0]=11111111011111110111111111111111, sa_flags=SA_RESTART|SA_SIGINFO
SIGILL: [libjvm.dylib+0x45b030], sa_mask[0]=11111111011111110111111111111111, sa_flags=SA_RESTART|SA_SIGINFO
SIGUSR1: SIG_DFL, sa_mask[0]=00000000000000000000000000000000, sa_flags=none
SIGUSR2: [libjvm.dylib+0x45ab4e], sa_mask[0]=00100000000000000000000000000000, sa_flags=SA_RESTART|SA_SIGINFO
SIGHUP: [libjvm.dylib+0x459121], sa_mask[0]=11111111011111110111111111111111, sa_flags=SA_RESTART|SA_SIGINFO
SIGINT: [libjvm.dylib+0x459121], sa_mask[0]=11111111011111110111111111111111, sa_flags=SA_RESTART|SA_SIGINFO
SIGTERM: [libjvm.dylib+0x459121], sa_mask[0]=11111111011111110111111111111111, sa_flags=SA_RESTART|SA_SIGINFO
SIGQUIT: [libjvm.dylib+0x459121], sa_mask[0]=11111111011111110111111111111111, sa_flags=SA_RESTART|SA_SIGINFO


---------------  S Y S T E M  ---------------

OS:Bsduname:Darwin 15.0.0 Darwin Kernel Version 15.0.0: Sat Sep 19 15:53:46 PDT 2015; root:xnu-3247.10.11~1/RELEASE_X86_64 x86_64
rlimit: STACK 8192k, CORE 0k, NPROC 709, NOFILE 10240, AS infinity
load average:2.58 2.35 2.45

CPU:total 8 (4 cores per cpu, 2 threads per core) family 6 model 70 stepping 1, cmov, cx8, fxsr, mmx, sse, sse2, sse3, ssse3, sse4.1, sse4.2, popcnt, avx, avx2, aes, clmul, erms, lzcnt, ht, tsc, tscinvbit, bmi1, bmi2

Memory: 4k page, physical 16777216k(3330060k free)

/proc/meminfo:


vm_info: Java HotSpot(TM) 64-Bit Server VM (25.25-b02) for bsd-amd64 JRE (1.8.0_25-b17), built on Sep 17 2014 16:56:50 by "java_re" with gcc 4.2.1 (Based on Apple Inc. build 5658) (LLVM build 2336.11.00)

time: Sun Nov 29 19:05:12 2015
elapsed time: 85 seconds (0d 0h 1m 25s)

